<?xml version="1.0" encoding="UTF-8"?>
<!-- Generated by org.testng.reporters.JUnitReportReporter -->
<testsuite hostname="DESKTOP-D2NCSP0" failures="0" tests="1" name="testclass.Vp" time="5.721" errors="0" timestamp="2022-08-19T22:21:48 IST" skipped="0">
  <testcase classname="testclass.Vp" name="testscript" time="5.721"/>
  <system-out/>
</testsuite> <!-- testclass.Vp -->
