<?xml version="1.0" encoding="UTF-8"?>
<!-- Generated by org.testng.reporters.JUnitReportReporter -->
<testsuite hostname="DESKTOP-D2NCSP0" failures="0" tests="1" name="testclass.VerifyProfileName" time="4.619" errors="0" timestamp="2022-08-24T14:22:55 IST" skipped="0">
  <testcase classname="testclass.VerifyProfileName" name="VProfileName" time="4.619"/>
  <system-out/>
</testsuite> <!-- testclass.VerifyProfileName -->
