<?xml version="1.0" encoding="UTF-8"?>
<!-- Generated by org.testng.reporters.JUnitReportReporter -->
<testsuite hostname="DESKTOP-D2NCSP0" failures="0" tests="1" name="listner.Sample2" time="0.010" errors="0" timestamp="2022-08-22T12:24:17 IST" skipped="0">
  <testcase classname="listner.Sample2" name="test1" time="0.010"/>
  <system-out/>
</testsuite> <!-- listner.Sample2 -->
